#
# There is insufficient memory for the Java Runtime Environment to continue.
# Native memory allocation (malloc) failed to allocate 536870912 bytes for committing reserved memory.
# Possible reasons:
#   The system is out of physical RAM or swap space
#   In 32 bit mode, the process size limit was hit
# Possible solutions:
#   Reduce memory load on the system
#   Increase physical memory or swap space
#   Check if swap backing store is full
#   Use 64 bit Java on a 64 bit OS
#   Decrease Java heap size (-Xmx/-Xms)
#   Decrease number of Java threads
#   Decrease Java thread stack sizes (-Xss)
#   Set larger code cache with -XX:ReservedCodeCacheSize=
# This output file may be truncated or incomplete.
#
#  Out of Memory Error (os_linux.cpp:2726), pid=6889, tid=3062438720
#
# JRE version:  (7.0_55-b13) (build )
# Java VM: Java HotSpot(TM) Server VM (24.55-b03 mixed mode linux-x86 )
# Failed to write core dump. Core dumps have been disabled. To enable core dumping, try "ulimit -c unlimited" before starting Java again
#

---------------  T H R E A D  ---------------

Current thread (0xb6708800):  JavaThread "Unknown thread" [_thread_in_vm, id=6893, stack(0xb6841000,0xb6892000)]

Stack: [0xb6841000,0xb6892000],  sp=0xb6890af0,  free space=318k
Native frames: (J=compiled Java code, j=interpreted, Vv=VM code, C=native code)
V  [libjvm.so+0x7dcc36]  VMError::report_and_die()+0x1a6
V  [libjvm.so+0x33a652]  report_vm_out_of_memory(char const*, int, unsigned int, char const*)+0x72
V  [libjvm.so+0x67bf81]  os::Linux::commit_memory_impl(char*, unsigned int, bool)+0xe1
V  [libjvm.so+0x67c3d7]  os::Linux::commit_memory_impl(char*, unsigned int, unsigned int, bool)+0x47
V  [libjvm.so+0x67c5bd]  os::pd_commit_memory(char*, unsigned int, unsigned int, bool)+0x1d
V  [libjvm.so+0x675fec]  os::commit_memory(char*, unsigned int, unsigned int, bool)+0x2c
V  [libjvm.so+0x6df508]  PSVirtualSpace::expand_by(unsigned int)+0x48
V  [libjvm.so+0x6d155d]  PSOldGen::initialize(ReservedSpace, unsigned int, char const*, int)+0x7d
V  [libjvm.so+0x186856]  AdjoiningGenerations::AdjoiningGenerations(ReservedSpace, unsigned int, unsigned int, unsigned int, unsigned int, unsigned int, unsigned int, unsigned int)+0x2a6
V  [libjvm.so+0x69b311]  ParallelScavengeHeap::initialize()+0x401
V  [libjvm.so+0x7b0c74]  Universe::initialize_heap()+0xa4
V  [libjvm.so+0x7b22a5]  universe_init()+0x55
V  [libjvm.so+0x44a005]  init_globals()+0x55
V  [libjvm.so+0x79b010]  Threads::create_vm(JavaVMInitArgs*, bool*)+0x200
V  [libjvm.so+0x4bc1cc]  JNI_CreateJavaVM+0x5c
C  [libjli.so+0x2668]  JavaMain+0x98
C  [libpthread.so.0+0x6f70]  start_thread+0xd0


---------------  P R O C E S S  ---------------

Java Threads: ( => current thread )

Other Threads:

=>0xb6708800 (exited) JavaThread "Unknown thread" [_thread_in_vm, id=6893, stack(0xb6841000,0xb6892000)]

VM state:not at safepoint (not fully initialized)

VM Mutex/Monitor currently owned by a thread: None

GC Heap History (0 events):
No events

Deoptimization events (0 events):
No events

Internal exceptions (0 events):
No events

Events (0 events):
No events


Dynamic libraries:
08048000-08049000 r-xp 00000000 08:06 1844000    /usr/lib/jvm/java-7-oracle/bin/java
08049000-0804a000 rw-p 00000000 08:06 1844000    /usr/lib/jvm/java-7-oracle/bin/java
08cd8000-08cf9000 rw-p 00000000 00:00 0          [heap]
733bf000-7353f000 rw-p 00000000 00:00 0 
7353f000-735c0000 rw-p 00000000 00:00 0 
735c0000-835c0000 rw-p 00000000 00:00 0 
a33a7000-b35c0000 rw-p 00000000 00:00 0 
b35df000-b35e8000 rw-p 00000000 00:00 0 
b35e8000-b369f000 rw-p 00000000 00:00 0 
b369f000-b38df000 rwxp 00000000 00:00 0 
b38df000-b669f000 rw-p 00000000 00:00 0 
b669f000-b66b6000 r-xp 00000000 08:06 1844301    /usr/lib/jvm/java-7-oracle/jre/lib/i386/libzip.so
b66b6000-b66b7000 rw-p 00017000 08:06 1844301    /usr/lib/jvm/java-7-oracle/jre/lib/i386/libzip.so
b66b7000-b66c2000 r-xp 00000000 08:06 5112871    /lib/i386-linux-gnu/libnss_files-2.19.so
b66c2000-b66c3000 r--p 0000a000 08:06 5112871    /lib/i386-linux-gnu/libnss_files-2.19.so
b66c3000-b66c4000 rw-p 0000b000 08:06 5112871    /lib/i386-linux-gnu/libnss_files-2.19.so
b66c4000-b66ce000 r-xp 00000000 08:06 5112881    /lib/i386-linux-gnu/libnss_nis-2.19.so
b66ce000-b66cf000 r--p 00009000 08:06 5112881    /lib/i386-linux-gnu/libnss_nis-2.19.so
b66cf000-b66d0000 rw-p 0000a000 08:06 5112881    /lib/i386-linux-gnu/libnss_nis-2.19.so
b66d0000-b66e5000 r-xp 00000000 08:06 5112865    /lib/i386-linux-gnu/libnsl-2.19.so
b66e5000-b66e6000 r--p 00015000 08:06 5112865    /lib/i386-linux-gnu/libnsl-2.19.so
b66e6000-b66e7000 rw-p 00016000 08:06 5112865    /lib/i386-linux-gnu/libnsl-2.19.so
b66e7000-b66e9000 rw-p 00000000 00:00 0 
b66ff000-b6700000 rw-p 00000000 00:00 0 
b6700000-b6722000 rw-p 00000000 00:00 0 
b6722000-b6800000 ---p 00000000 00:00 0 
b6800000-b6802000 rw-p 00000000 00:00 0 
b6802000-b680a000 rw-s 00000000 08:06 530075     /tmp/hsperfdata_root/6889
b680a000-b6813000 r-xp 00000000 08:06 1844339    /usr/lib/jvm/java-7-oracle/jre/lib/i386/libinstrument.so
b6813000-b6814000 rw-p 00008000 08:06 1844339    /usr/lib/jvm/java-7-oracle/jre/lib/i386/libinstrument.so
b6814000-b6837000 r-xp 00000000 08:06 1844305    /usr/lib/jvm/java-7-oracle/jre/lib/i386/libjava.so
b6837000-b6838000 rw-p 00022000 08:06 1844305    /usr/lib/jvm/java-7-oracle/jre/lib/i386/libjava.so
b6838000-b683f000 r-xp 00000000 08:06 5112924    /lib/i386-linux-gnu/librt-2.19.so
b683f000-b6840000 r--p 00006000 08:06 5112924    /lib/i386-linux-gnu/librt-2.19.so
b6840000-b6841000 rw-p 00007000 08:06 5112924    /lib/i386-linux-gnu/librt-2.19.so
b6841000-b6844000 ---p 00000000 00:00 0 
b6844000-b6892000 rw-p 00000000 00:00 0          [stack:6893]
b6892000-b68d6000 r-xp 00000000 08:06 5112846    /lib/i386-linux-gnu/libm-2.19.so
b68d6000-b68d7000 r--p 00043000 08:06 5112846    /lib/i386-linux-gnu/libm-2.19.so
b68d7000-b68d8000 rw-p 00044000 08:06 5112846    /lib/i386-linux-gnu/libm-2.19.so
b68d8000-b714f000 r-xp 00000000 08:06 1844358    /usr/lib/jvm/java-7-oracle/jre/lib/i386/server/libjvm.so
b714f000-b71b3000 rw-p 00877000 08:06 1844358    /usr/lib/jvm/java-7-oracle/jre/lib/i386/server/libjvm.so
b71b3000-b75d7000 rw-p 00000000 00:00 0 
b75d7000-b7780000 r-xp 00000000 08:06 5112796    /lib/i386-linux-gnu/libc-2.19.so
b7780000-b7782000 r--p 001a9000 08:06 5112796    /lib/i386-linux-gnu/libc-2.19.so
b7782000-b7783000 rw-p 001ab000 08:06 5112796    /lib/i386-linux-gnu/libc-2.19.so
b7783000-b7786000 rw-p 00000000 00:00 0 
b7786000-b7789000 r-xp 00000000 08:06 5112813    /lib/i386-linux-gnu/libdl-2.19.so
b7789000-b778a000 r--p 00002000 08:06 5112813    /lib/i386-linux-gnu/libdl-2.19.so
b778a000-b778b000 rw-p 00003000 08:06 5112813    /lib/i386-linux-gnu/libdl-2.19.so
b778b000-b778c000 rw-p 00000000 00:00 0 
b778c000-b779f000 r-xp 00000000 08:06 1843427    /usr/lib/jvm/java-7-oracle/lib/i386/jli/libjli.so
b779f000-b77a0000 rw-p 00012000 08:06 1843427    /usr/lib/jvm/java-7-oracle/lib/i386/jli/libjli.so
b77a0000-b77b8000 r-xp 00000000 08:06 5112916    /lib/i386-linux-gnu/libpthread-2.19.so
b77b8000-b77b9000 r--p 00017000 08:06 5112916    /lib/i386-linux-gnu/libpthread-2.19.so
b77b9000-b77ba000 rw-p 00018000 08:06 5112916    /lib/i386-linux-gnu/libpthread-2.19.so
b77ba000-b77bc000 rw-p 00000000 00:00 0 
b77bc000-b77c3000 r-xp 00000000 08:06 5112867    /lib/i386-linux-gnu/libnss_compat-2.19.so
b77c3000-b77c4000 r--p 00006000 08:06 5112867    /lib/i386-linux-gnu/libnss_compat-2.19.so
b77c4000-b77c5000 rw-p 00007000 08:06 5112867    /lib/i386-linux-gnu/libnss_compat-2.19.so
b77c5000-b77c6000 rw-p 00000000 00:00 0 
b77c6000-b77c7000 r--p 00000000 00:00 0 
b77c7000-b77d2000 r-xp 00000000 08:06 1844362    /usr/lib/jvm/java-7-oracle/jre/lib/i386/libverify.so
b77d2000-b77d3000 rw-p 0000b000 08:06 1844362    /usr/lib/jvm/java-7-oracle/jre/lib/i386/libverify.so
b77d3000-b77d5000 rw-p 00000000 00:00 0 
b77d5000-b77d6000 r-xp 00000000 00:00 0          [vdso]
b77d6000-b77f6000 r-xp 00000000 08:06 5112772    /lib/i386-linux-gnu/ld-2.19.so
b77f6000-b77f7000 r--p 0001f000 08:06 5112772    /lib/i386-linux-gnu/ld-2.19.so
b77f7000-b77f8000 rw-p 00020000 08:06 5112772    /lib/i386-linux-gnu/ld-2.19.so
bfe55000-bfe76000 rw-p 00000000 00:00 0          [stack]

VM Arguments:
jvm_args: -Dgrails.home=/home/eebasadre20/.gvm/grails/2.2.4 -Dbase.dir=/home/eebasadre20/Documents/Estudyante Blues/Web Application/Projects_Tamsi -Dtools.jar=/usr/lib/jvm/java-7-oracle/lib/tools.jar -Dgroovy.starter.conf=/home/eebasadre20/.gvm/grails/2.2.4/conf/groovy-starter.conf -Xmx768M -Xms768M -XX:MaxPermSize=256m -XX:PermSize=256m -javaagent:/home/eebasadre20/.gvm/grails/2.2.4/lib/org.springsource.springloaded/springloaded-core/jars/springloaded-core-1.1.3.jar -Xverify:none -Dspringloaded=profile=grails -Dfile.encoding=UTF-8 
java_command: org.codehaus.groovy.grails.cli.support.GrailsStarter --main org.codehaus.groovy.grails.cli.GrailsScriptRunner --conf /home/eebasadre20/.gvm/grails/2.2.4/conf/groovy-starter.conf run-app
Launcher Type: SUN_STANDARD

Environment Variables:
JAVA_HOME=/usr/lib/jvm/java-7-oracle
CLASSPATH=/opt/idea/bin/../lib/bootstrap.jar:/opt/idea/bin/../lib/extensions.jar:/opt/idea/bin/../lib/util.jar:/opt/idea/bin/../lib/jdom.jar:/opt/idea/bin/../lib/log4j.jar:/opt/idea/bin/../lib/trove4j.jar:/opt/idea/bin/../lib/jna.jar:/usr/lib/jvm/java-7-oracle/lib/tools.jar
PATH=/usr/local/sbin:/usr/local/bin:/usr/sbin:/usr/bin:/sbin:/bin
USERNAME=root
LD_LIBRARY_PATH=/opt/idea/bin:
SHELL=/bin/bash
DISPLAY=:0

Signal Handlers:
SIGSEGV: [libjvm.so+0x7dd750], sa_mask[0]=0x7ffbfeff, sa_flags=0x10000004
SIGBUS: [libjvm.so+0x7dd750], sa_mask[0]=0x7ffbfeff, sa_flags=0x10000004
SIGFPE: [libjvm.so+0x678ec0], sa_mask[0]=0x7ffbfeff, sa_flags=0x10000004
SIGPIPE: [libjvm.so+0x678ec0], sa_mask[0]=0x7ffbfeff, sa_flags=0x10000004
SIGXFSZ: [libjvm.so+0x678ec0], sa_mask[0]=0x7ffbfeff, sa_flags=0x10000004
SIGILL: [libjvm.so+0x678ec0], sa_mask[0]=0x7ffbfeff, sa_flags=0x10000004
SIGUSR1: SIG_DFL, sa_mask[0]=0x00000000, sa_flags=0x00000000
SIGUSR2: [libjvm.so+0x67a3b0], sa_mask[0]=0x00000004, sa_flags=0x10000004
SIGHUP: SIG_DFL, sa_mask[0]=0x00000000, sa_flags=0x00000000
SIGINT: SIG_DFL, sa_mask[0]=0x00000000, sa_flags=0x00000000
SIGTERM: SIG_DFL, sa_mask[0]=0x00000000, sa_flags=0x00000000
SIGQUIT: SIG_DFL, sa_mask[0]=0x00000000, sa_flags=0x00000000


---------------  S Y S T E M  ---------------

OS:jessie/sid

uname:Linux 3.13.0-24-generic #46-Ubuntu SMP Thu Apr 10 19:08:14 UTC 2014 i686
libc:glibc 2.19 NPTL 2.19 
rlimit: STACK 8192k, CORE 0k, NPROC 14884, NOFILE 4096, AS infinity
load average:0.48 0.76 0.58

/proc/meminfo:
MemTotal:        1924308 kB
MemFree:          164488 kB
Buffers:           10488 kB
Cached:           483436 kB
SwapCached:        37208 kB
Active:           714568 kB
Inactive:         964124 kB
Active(anon):     621044 kB
Inactive(anon):   769948 kB
Active(file):      93524 kB
Inactive(file):   194176 kB
Unevictable:          32 kB
Mlocked:              32 kB
HighTotal:       1042696 kB
HighFree:          22900 kB
LowTotal:         881612 kB
LowFree:          141588 kB
SwapTotal:        487420 kB
SwapFree:         132656 kB
Dirty:              5288 kB
Writeback:             0 kB
AnonPages:       1151276 kB
Mapped:           117160 kB
Shmem:            206200 kB
Slab:              41960 kB
SReclaimable:      22272 kB
SUnreclaim:        19688 kB
KernelStack:        4192 kB
PageTables:        11836 kB
NFS_Unstable:          0 kB
Bounce:                0 kB
WritebackTmp:          0 kB
CommitLimit:     1449572 kB
Committed_AS:    5167060 kB
VmallocTotal:     122880 kB
VmallocUsed:       16536 kB
VmallocChunk:      99444 kB
HardwareCorrupted:     0 kB
AnonHugePages:    266240 kB
HugePages_Total:       0
HugePages_Free:        0
HugePages_Rsvd:        0
HugePages_Surp:        0
Hugepagesize:       2048 kB
DirectMap4k:       28664 kB
DirectMap2M:      884736 kB


CPU:total 4 (2 cores per cpu, 2 threads per core) family 6 model 37 stepping 5, cmov, cx8, fxsr, mmx, sse, sse2, sse3, ssse3, sse4.1, sse4.2, popcnt, ht, tsc, tscinvbit

/proc/cpuinfo:
processor	: 0
vendor_id	: GenuineIntel
cpu family	: 6
model		: 37
model name	: Intel(R) Core(TM) i3 CPU       M 370  @ 2.40GHz
stepping	: 5
microcode	: 0x2
cpu MHz		: 2399.000
cache size	: 3072 KB
physical id	: 0
siblings	: 4
core id		: 0
cpu cores	: 2
apicid		: 0
initial apicid	: 0
fdiv_bug	: no
f00f_bug	: no
coma_bug	: no
fpu		: yes
fpu_exception	: yes
cpuid level	: 11
wp		: yes
flags		: fpu vme de pse tsc msr pae mce cx8 apic sep mtrr pge mca cmov pat pse36 clflush dts acpi mmx fxsr sse sse2 ss ht tm pbe nx rdtscp lm constant_tsc arch_perfmon pebs bts xtopology nonstop_tsc aperfmperf pni dtes64 monitor ds_cpl vmx est tm2 ssse3 cx16 xtpr pdcm pcid sse4_1 sse4_2 popcnt lahf_lm arat dtherm tpr_shadow vnmi flexpriority ept vpid
bogomips	: 4788.81
clflush size	: 64
cache_alignment	: 64
address sizes	: 36 bits physical, 48 bits virtual
power management:

processor	: 1
vendor_id	: GenuineIntel
cpu family	: 6
model		: 37
model name	: Intel(R) Core(TM) i3 CPU       M 370  @ 2.40GHz
stepping	: 5
microcode	: 0x2
cpu MHz		: 2399.000
cache size	: 3072 KB
physical id	: 0
siblings	: 4
core id		: 0
cpu cores	: 2
apicid		: 1
initial apicid	: 1
fdiv_bug	: no
f00f_bug	: no
coma_bug	: no
fpu		: yes
fpu_exception	: yes
cpuid level	: 11
wp		: yes
flags		: fpu vme de pse tsc msr pae mce cx8 apic sep mtrr pge mca cmov pat pse36 clflush dts acpi mmx fxsr sse sse2 ss ht tm pbe nx rdtscp lm constant_tsc arch_perfmon pebs bts xtopology nonstop_tsc aperfmperf pni dtes64 monitor ds_cpl vmx est tm2 ssse3 cx16 xtpr pdcm pcid sse4_1 sse4_2 popcnt lahf_lm arat dtherm tpr_shadow vnmi flexpriority ept vpid
bogomips	: 4788.81
clflush size	: 64
cache_alignment	: 64
address sizes	: 36 bits physical, 48 bits virtual
power management:

processor	: 2
vendor_id	: GenuineIntel
cpu family	: 6
model		: 37
model name	: Intel(R) Core(TM) i3 CPU       M 370  @ 2.40GHz
stepping	: 5
microcode	: 0x2
cpu MHz		: 2399.000
cache size	: 3072 KB
physical id	: 0
siblings	: 4
core id		: 2
cpu cores	: 2
apicid		: 4
initial apicid	: 4
fdiv_bug	: no
f00f_bug	: no
coma_bug	: no
fpu		: yes
fpu_exception	: yes
cpuid level	: 11
wp		: yes
flags		: fpu vme de pse tsc msr pae mce cx8 apic sep mtrr pge mca cmov pat pse36 clflush dts acpi mmx fxsr sse sse2 ss ht tm pbe nx rdtscp lm constant_tsc arch_perfmon pebs bts xtopology nonstop_tsc aperfmperf pni dtes64 monitor ds_cpl vmx est tm2 ssse3 cx16 xtpr pdcm pcid sse4_1 sse4_2 popcnt lahf_lm arat dtherm tpr_shadow vnmi flexpriority ept vpid
bogomips	: 4788.81
clflush size	: 64
cache_alignment	: 64
address sizes	: 36 bits physical, 48 bits virtual
power management:

processor	: 3
vendor_id	: GenuineIntel
cpu family	: 6
model		: 37
model name	: Intel(R) Core(TM) i3 CPU       M 370  @ 2.40GHz
stepping	: 5
microcode	: 0x2
cpu MHz		: 2399.000
cache size	: 3072 KB
physical id	: 0
siblings	: 4
core id		: 2
cpu cores	: 2
apicid		: 5
initial apicid	: 5
fdiv_bug	: no
f00f_bug	: no
coma_bug	: no
fpu		: yes
fpu_exception	: yes
cpuid level	: 11
wp		: yes
flags		: fpu vme de pse tsc msr pae mce cx8 apic sep mtrr pge mca cmov pat pse36 clflush dts acpi mmx fxsr sse sse2 ss ht tm pbe nx rdtscp lm constant_tsc arch_perfmon pebs bts xtopology nonstop_tsc aperfmperf pni dtes64 monitor ds_cpl vmx est tm2 ssse3 cx16 xtpr pdcm pcid sse4_1 sse4_2 popcnt lahf_lm arat dtherm tpr_shadow vnmi flexpriority ept vpid
bogomips	: 4788.81
clflush size	: 64
cache_alignment	: 64
address sizes	: 36 bits physical, 48 bits virtual
power management:



Memory: 4k page, physical 1924308k(164488k free), swap 487420k(132656k free)

vm_info: Java HotSpot(TM) Server VM (24.55-b03) for linux-x86 JRE (1.7.0_55-b13), built on Mar 17 2014 19:41:29 by "java_re" with gcc 4.3.0 20080428 (Red Hat 4.3.0-8)

time: Thu May  1 21:15:25 2014
elapsed time: 0 seconds

